2021-07-25 19:57:27.272 [main] INFO  c.a.o.c.i.spring.support.PropertyPlaceholderConfigurer - Loading properties file from class path resource [canal.properties]
2021-07-25 19:57:27.282 [main] INFO  c.a.o.c.i.spring.support.PropertyPlaceholderConfigurer - Loading properties file from class path resource [example/instance.properties]
2021-07-25 19:57:27.360 [main] WARN  org.springframework.beans.TypeConverterDelegate - PropertyEditor [com.sun.beans.editors.EnumEditor] found through deprecated global PropertyEditorManager fallback - consider using a more isolated form of registration, e.g. on the BeanWrapper/BeanFactory!
2021-07-25 19:57:27.475 [main] INFO  c.a.otter.canal.instance.spring.CanalInstanceWithSpring - start CannalInstance for 1-example 
2021-07-25 19:57:27.496 [main] INFO  c.a.otter.canal.instance.core.AbstractCanalInstance - start successful....
2021-07-25 19:57:27.557 [destination = example , address = /127.0.0.1:3306 , EventParser] WARN  c.a.otter.canal.parse.inbound.mysql.MysqlEventParser - prepare to find start position just show master status
2021-07-25 20:33:39.821 [main] INFO  c.a.o.c.i.spring.support.PropertyPlaceholderConfigurer - Loading properties file from class path resource [canal.properties]
2021-07-25 20:33:39.829 [main] INFO  c.a.o.c.i.spring.support.PropertyPlaceholderConfigurer - Loading properties file from class path resource [example/instance.properties]
2021-07-25 20:33:39.919 [main] WARN  org.springframework.beans.TypeConverterDelegate - PropertyEditor [com.sun.beans.editors.EnumEditor] found through deprecated global PropertyEditorManager fallback - consider using a more isolated form of registration, e.g. on the BeanWrapper/BeanFactory!
2021-07-25 20:33:40.042 [main] INFO  c.a.otter.canal.instance.spring.CanalInstanceWithSpring - start CannalInstance for 1-example 
2021-07-25 20:33:40.062 [main] INFO  c.a.otter.canal.instance.core.AbstractCanalInstance - start successful....
2021-07-25 20:33:40.139 [destination = example , address = /127.0.0.1:3306 , EventParser] WARN  c.a.otter.canal.parse.inbound.mysql.MysqlEventParser - prepare to find start position just show master status
2021-07-25 20:34:09.720 [main] INFO  c.a.o.c.i.spring.support.PropertyPlaceholderConfigurer - Loading properties file from class path resource [canal.properties]
2021-07-25 20:34:09.727 [main] INFO  c.a.o.c.i.spring.support.PropertyPlaceholderConfigurer - Loading properties file from class path resource [example/instance.properties]
2021-07-25 20:34:09.808 [main] WARN  org.springframework.beans.TypeConverterDelegate - PropertyEditor [com.sun.beans.editors.EnumEditor] found through deprecated global PropertyEditorManager fallback - consider using a more isolated form of registration, e.g. on the BeanWrapper/BeanFactory!
2021-07-25 20:34:09.953 [main] INFO  c.a.otter.canal.instance.spring.CanalInstanceWithSpring - start CannalInstance for 1-example 
2021-07-25 20:34:09.970 [main] INFO  c.a.otter.canal.instance.core.AbstractCanalInstance - start successful....
2021-07-25 20:34:10.068 [destination = example , address = /127.0.0.1:3306 , EventParser] WARN  c.a.otter.canal.parse.inbound.mysql.MysqlEventParser - prepare to find start position just show master status
2021-07-25 22:14:58.382 [main] INFO  c.a.o.c.i.spring.support.PropertyPlaceholderConfigurer - Loading properties file from class path resource [canal.properties]
2021-07-25 22:14:58.391 [main] INFO  c.a.o.c.i.spring.support.PropertyPlaceholderConfigurer - Loading properties file from class path resource [example/instance.properties]
2021-07-25 22:14:58.486 [main] WARN  org.springframework.beans.TypeConverterDelegate - PropertyEditor [com.sun.beans.editors.EnumEditor] found through deprecated global PropertyEditorManager fallback - consider using a more isolated form of registration, e.g. on the BeanWrapper/BeanFactory!
2021-07-25 22:14:58.620 [main] INFO  c.a.otter.canal.instance.spring.CanalInstanceWithSpring - start CannalInstance for 1-example 
2021-07-25 22:14:58.645 [main] INFO  c.a.otter.canal.instance.core.AbstractCanalInstance - start successful....
2021-07-25 22:14:58.784 [destination = example , address = /127.0.0.1:3306 , EventParser] WARN  c.a.otter.canal.parse.inbound.mysql.MysqlEventParser - prepare to find start position just show master status
