2020-09-29 17:58:34 array (
  'Id' => 'P01j016f11c',
  'OutSource' => '1',
  'OperTypeStr' => 'update',
  'ClassName' => 'business\\monitor\\DispatchChangeMonitor',
)
2020-09-29 17:58:34 array (
  'Id' => 'P170615588322',
  'OutSource' => '1',
  'OperTypeStr' => 'update',
  'ClassName' => 'business\\monitor\\DispatchChangeMonitor',
)
2020-09-29 17:58:34 array (
  'Id' => 'P170615588323',
  'OutSource' => '1',
  'OperTypeStr' => 'update',
  'ClassName' => 'business\\monitor\\DispatchChangeMonitor',
)
2020-09-29 17:58:34 array (
  'Id' => 'P170615752811',
  'OutSource' => '1',
  'OperTypeStr' => 'update',
  'ClassName' => 'business\\monitor\\DispatchChangeMonitor',
)
2020-09-29 17:58:35 array (
  'Id' => 'P170616608451',
  'OutSource' => '1',
  'OperTypeStr' => 'update',
  'ClassName' => 'business\\monitor\\DispatchChangeMonitor',
)
2020-09-29 17:59:31 array (
  'Id' => 'P01j016f11c',
  'OutSource' => '1',
  'OperTypeStr' => 'update',
  'ClassName' => 'business\\monitor\\DispatchChangeMonitor',
)
2020-09-29 17:59:31 array (
  'Id' => 'P170615588322',
  'OutSource' => '1',
  'OperTypeStr' => 'update',
  'ClassName' => 'business\\monitor\\DispatchChangeMonitor',
)
2020-09-29 17:59:31 array (
  'Id' => 'P170615588323',
  'OutSource' => '1',
  'OperTypeStr' => 'update',
  'ClassName' => 'business\\monitor\\DispatchChangeMonitor',
)
2020-09-29 17:59:31 array (
  'Id' => 'P170615752811',
  'OutSource' => '1',
  'OperTypeStr' => 'update',
  'ClassName' => 'business\\monitor\\DispatchChangeMonitor',
)
2020-09-29 17:59:32 array (
  'Id' => 'P170616608451',
  'OutSource' => '1',
  'OperTypeStr' => 'update',
  'ClassName' => 'business\\monitor\\DispatchChangeMonitor',
)
2020-09-29 18:00:50 array (
  'Id' => 'P170615588323',
  'OutSource' => '1',
  'OperTypeStr' => 'update',
  'ClassName' => 'business\\monitor\\DispatchChangeMonitor',
)
2020-09-29 18:00:51 array (
  'Id' => 'P170615752811',
  'OutSource' => '1',
  'OperTypeStr' => 'update',
  'ClassName' => 'business\\monitor\\DispatchChangeMonitor',
)
2020-09-29 18:00:51 array (
  'Id' => 'P170616608451',
  'OutSource' => '1',
  'OperTypeStr' => 'update',
  'ClassName' => 'business\\monitor\\DispatchChangeMonitor',
)
