2020-09-29 17:58:28 client_for_entry 准备订阅
2020-09-29 17:58:28 client_for_dispatch 开始订阅中：canal_ip=192.168.1.71; canal_ip_post=11111; sub_client_id=1003; sub_destination=bankcement_dev; sub_filter=alpha_saaslogisticsdb.cgo_logisticsdispatch,alpha_saaslogisticsdb.cgo_logisticsorders,alpha_dealerdb.cgo_dealerladeinfo,alpha_dealerdb.cgo_purchaseorder
2020-09-29 17:58:28 entry类型：1
2020-09-29 17:58:28 entry类型：1被忽略掉了
2020-09-29 17:58:28 entry类型：3
2020-09-29 17:58:28 entry类型：3被忽略掉了
2020-09-29 17:58:28 entry类型：1
2020-09-29 17:58:28 entry类型：1被忽略掉了
2020-09-29 17:58:28 entry类型：3
2020-09-29 17:58:28 entry类型：3被忽略掉了
2020-09-29 17:58:28 entry类型：1
2020-09-29 17:58:28 entry类型：1被忽略掉了
2020-09-29 17:58:28 entry类型：3
2020-09-29 17:58:28 entry类型：3被忽略掉了
2020-09-29 17:58:28 entry类型：1
2020-09-29 17:58:28 entry类型：1被忽略掉了
2020-09-29 17:58:28 entry类型：3
2020-09-29 17:58:28 entry类型：3被忽略掉了
2020-09-29 17:58:28 entry类型：1
2020-09-29 17:58:28 entry类型：1被忽略掉了
2020-09-29 17:58:28 entry类型：3
2020-09-29 17:58:28 entry类型：3被忽略掉了
2020-09-29 17:58:28 entry类型：1
2020-09-29 17:58:28 entry类型：1被忽略掉了
2020-09-29 17:58:28 entry类型：3
2020-09-29 17:58:28 entry类型：3被忽略掉了
2020-09-29 17:58:34 entry类型：1
2020-09-29 17:58:34 entry类型：1被忽略掉了
2020-09-29 17:58:34 entry类型：2
2020-09-29 17:58:34 操作需要处理任务类：\business\monitorTasks\DispatchChangeTask
2020-09-29 17:58:34 entry类型：3
2020-09-29 17:58:34 entry类型：3被忽略掉了
2020-09-29 17:58:34 entry类型：1
2020-09-29 17:58:34 entry类型：1被忽略掉了
2020-09-29 17:58:34 entry类型：2
2020-09-29 17:58:34 操作需要处理任务类：\business\monitorTasks\DispatchChangeTask
2020-09-29 17:58:34 entry类型：3
2020-09-29 17:58:34 entry类型：3被忽略掉了
2020-09-29 17:58:34 entry类型：1
2020-09-29 17:58:34 entry类型：1被忽略掉了
2020-09-29 17:58:34 entry类型：2
2020-09-29 17:58:34 操作需要处理任务类：\business\monitorTasks\DispatchChangeTask
2020-09-29 17:58:34 entry类型：3
2020-09-29 17:58:34 entry类型：3被忽略掉了
2020-09-29 17:58:34 entry类型：1
2020-09-29 17:58:34 entry类型：1被忽略掉了
2020-09-29 17:58:34 entry类型：2
2020-09-29 17:58:34 操作需要处理任务类：\business\monitorTasks\DispatchChangeTask
2020-09-29 17:58:34 entry类型：3
2020-09-29 17:58:34 entry类型：3被忽略掉了
2020-09-29 17:58:35 entry类型：1
2020-09-29 17:58:35 entry类型：1被忽略掉了
2020-09-29 17:58:35 entry类型：2
2020-09-29 17:58:35 操作需要处理任务类：\business\monitorTasks\DispatchChangeTask
2020-09-29 17:58:35 entry类型：3
2020-09-29 17:58:35 entry类型：3被忽略掉了
2020-09-29 17:58:36 entry类型：1
2020-09-29 17:58:36 entry类型：1被忽略掉了
2020-09-29 17:58:36 entry类型：3
2020-09-29 17:58:36 entry类型：3被忽略掉了
2020-09-29 17:59:31 entry类型：1
2020-09-29 17:59:31 entry类型：1被忽略掉了
2020-09-29 17:59:31 entry类型：2
2020-09-29 17:59:31 操作需要处理任务类：\business\monitorTasks\DispatchChangeTask
2020-09-29 17:59:31 entry类型：3
2020-09-29 17:59:31 entry类型：3被忽略掉了
2020-09-29 17:59:31 entry类型：1
2020-09-29 17:59:31 entry类型：1被忽略掉了
2020-09-29 17:59:31 entry类型：2
2020-09-29 17:59:31 操作需要处理任务类：\business\monitorTasks\DispatchChangeTask
2020-09-29 17:59:31 entry类型：3
2020-09-29 17:59:31 entry类型：3被忽略掉了
2020-09-29 17:59:31 entry类型：1
2020-09-29 17:59:31 entry类型：1被忽略掉了
2020-09-29 17:59:31 entry类型：2
2020-09-29 17:59:31 操作需要处理任务类：\business\monitorTasks\DispatchChangeTask
2020-09-29 17:59:31 entry类型：3
2020-09-29 17:59:31 entry类型：3被忽略掉了
2020-09-29 17:59:31 entry类型：1
2020-09-29 17:59:31 entry类型：1被忽略掉了
2020-09-29 17:59:31 entry类型：2
2020-09-29 17:59:31 操作需要处理任务类：\business\monitorTasks\DispatchChangeTask
2020-09-29 17:59:32 entry类型：3
2020-09-29 17:59:32 entry类型：3被忽略掉了
2020-09-29 17:59:32 entry类型：1
2020-09-29 17:59:32 entry类型：1被忽略掉了
2020-09-29 17:59:32 entry类型：2
2020-09-29 17:59:32 操作需要处理任务类：\business\monitorTasks\DispatchChangeTask
2020-09-29 17:59:32 entry类型：3
2020-09-29 17:59:32 entry类型：3被忽略掉了
2020-09-29 17:59:33 entry类型：1
2020-09-29 17:59:33 entry类型：1被忽略掉了
2020-09-29 17:59:33 entry类型：3
2020-09-29 17:59:33 entry类型：3被忽略掉了
2020-09-29 18:00:50 entry类型：1
2020-09-29 18:00:50 entry类型：1被忽略掉了
2020-09-29 18:00:50 entry类型：2
2020-09-29 18:00:50 操作需要处理任务类：\business\monitorTasks\DispatchChangeTask
2020-09-29 18:00:51 entry类型：3
2020-09-29 18:00:51 entry类型：3被忽略掉了
2020-09-29 18:00:51 entry类型：1
2020-09-29 18:00:51 entry类型：1被忽略掉了
2020-09-29 18:00:51 entry类型：2
2020-09-29 18:00:51 操作需要处理任务类：\business\monitorTasks\DispatchChangeTask
2020-09-29 18:00:51 entry类型：3
2020-09-29 18:00:51 entry类型：3被忽略掉了
2020-09-29 18:00:51 entry类型：1
2020-09-29 18:00:51 entry类型：1被忽略掉了
2020-09-29 18:00:51 entry类型：2
2020-09-29 18:00:51 操作需要处理任务类：\business\monitorTasks\DispatchChangeTask
2020-09-29 18:00:51 entry类型：3
2020-09-29 18:00:51 entry类型：3被忽略掉了
2020-09-29 18:00:53 entry类型：1
2020-09-29 18:00:53 entry类型：1被忽略掉了
2020-09-29 18:00:53 entry类型：3
2020-09-29 18:00:53 entry类型：3被忽略掉了
