2021-04-25 11:44:09.009 [main] INFO  com.alibaba.otter.canal.deployer.CanalLauncher - ## set default uncaught exception handler
2021-04-25 11:44:09.050 [main] INFO  com.alibaba.otter.canal.deployer.CanalLauncher - ## load canal configurations
2021-04-25 11:44:09.068 [main] INFO  com.alibaba.otter.canal.deployer.CanalStarter - ## start the canal server.
2021-04-25 11:44:09.146 [main] INFO  com.alibaba.otter.canal.deployer.CanalController - ## start the canal server[192.168.3.162(192.168.3.162):11111]
2021-04-25 11:44:10.892 [main] INFO  com.alibaba.otter.canal.deployer.CanalStarter - ## the canal server is running now ......
2021-04-25 13:46:48.734 [canal-instance-scan-0] INFO  com.alibaba.otter.canal.deployer.CanalController - auto notify stop example successful.
2021-04-25 13:46:49.045 [canal-instance-scan-0] INFO  com.alibaba.otter.canal.deployer.CanalController - auto notify start example successful.
2021-04-25 13:46:49.045 [canal-instance-scan-0] INFO  com.alibaba.otter.canal.deployer.CanalController - auto notify reload example successful.
2021-04-25 13:50:39.813 [canal-instance-scan-0] INFO  com.alibaba.otter.canal.deployer.CanalController - auto notify stop example successful.
2021-04-25 13:50:40.048 [canal-instance-scan-0] INFO  com.alibaba.otter.canal.deployer.CanalController - auto notify start example successful.
2021-04-25 13:50:40.048 [canal-instance-scan-0] INFO  com.alibaba.otter.canal.deployer.CanalController - auto notify reload example successful.
2021-04-25 13:57:00.468 [canal-instance-scan-0] INFO  com.alibaba.otter.canal.deployer.CanalController - auto notify stop example successful.
2021-04-25 13:57:00.725 [canal-instance-scan-0] INFO  com.alibaba.otter.canal.deployer.CanalController - auto notify start example successful.
2021-04-25 13:57:00.725 [canal-instance-scan-0] INFO  com.alibaba.otter.canal.deployer.CanalController - auto notify reload example successful.
2021-04-25 13:57:15.936 [canal-instance-scan-0] INFO  com.alibaba.otter.canal.deployer.CanalController - auto notify stop example successful.
2021-04-25 13:57:16.077 [canal-instance-scan-0] INFO  com.alibaba.otter.canal.deployer.CanalController - auto notify start example successful.
2021-04-25 13:57:16.077 [canal-instance-scan-0] INFO  com.alibaba.otter.canal.deployer.CanalController - auto notify reload example successful.
2021-04-25 13:58:56.192 [canal-instance-scan-0] INFO  com.alibaba.otter.canal.deployer.CanalController - auto notify stop example successful.
2021-04-25 13:58:56.314 [canal-instance-scan-0] INFO  com.alibaba.otter.canal.deployer.CanalController - auto notify start example successful.
2021-04-25 13:58:56.314 [canal-instance-scan-0] INFO  com.alibaba.otter.canal.deployer.CanalController - auto notify reload example successful.
2021-04-25 14:10:16.593 [Hashed wheel timer #1] WARN  c.a.o.c.server.netty.handler.ClientAuthenticationHandler - channel:[id: 0x6997e058, /127.0.0.1:52343 => /127.0.0.1:11111] idle timeout exceeds, close channel to save server resources...
